\BOOKMARK [0][-]{chapter*.2}{\376\377\000R\000e\000s\000u\000m\000e\000n}{}% 1
\BOOKMARK [0][-]{chapter*.3}{\376\377\000I\000n\000t\000r\000o\000d\000u\000c\000c\000i\000\363\000n}{}% 2
\BOOKMARK [0][-]{chapter*.4}{\376\377\000A\000g\000r\000a\000d\000e\000c\000i\000m\000i\000e\000n\000t\000o\000s}{}% 3
\BOOKMARK [0][-]{chapter*.4}{\376\377\000\315\000n\000d\000i\000c\000e}{}% 4
\BOOKMARK [0][-]{chapter*.5}{\376\377\000\315\000n\000d\000i\000c\000e\000\040\000d\000e\000\040\000f\000i\000g\000u\000r\000a\000s}{}% 5
\BOOKMARK [0][-]{chapter*.6}{\376\377\000\315\000n\000d\000i\000c\000e\000\040\000d\000e\000\040\000t\000a\000b\000l\000a\000s}{}% 6
\BOOKMARK [0][-]{chapter.1}{\376\377\040\024\040\023\000\040\000T\000\355\000t\000u\000l\000o\000\040\000d\000e\000l\000\040\000c\000a\000p\000\355\000t\000u\000l\000o\000\040\0001}{}% 7
\BOOKMARK [1][-]{section.1.1}{\376\377\000P\000r\000i\000m\000e\000r\000a\000\040\000s\000e\000c\000c\000i\000\363\000n\000\040\000d\000e\000n\000t\000r\000o\000\040\000d\000e\000\040\000u\000n\000\040\000c\000a\000p\000\355\000t\000u\000l\000o}{chapter.1}% 8
\BOOKMARK [2][-]{subsection.1.1.1}{\376\377\000P\000r\000i\000m\000e\000r\000a\000\040\000s\000u\000b\000s\000e\000c\000c\000i\000\363\000n\000\040\000d\000e\000n\000t\000r\000o\000\040\000d\000e\000\040\000u\000n\000a\000\040\000s\000e\000c\000c\000i\000\363\000n}{section.1.1}% 9
\BOOKMARK [2][-]{subsection.1.1.2}{\376\377\000S\000e\000g\000u\000n\000d\000a\000\040\000s\000u\000b\000s\000e\000c\000c\000i\000\363\000n\000\040\000d\000e\000n\000t\000r\000o\000\040\000d\000e\000\040\000u\000n\000a\000\040\000s\000e\000c\000c\000i\000\363\000n}{section.1.1}% 10
\BOOKMARK [0][-]{chapter.2}{\376\377\040\024\040\023\000\040\000T\000\355\000t\000u\000l\000o\000\040\000d\000e\000l\000\040\000c\000a\000p\000\355\000t\000u\000l\000o\000\040\0002}{}% 11
\BOOKMARK [1][-]{section.2.1}{\376\377\000T\000\355\000t\000u\000l\000o\000\040\000d\000e\000\040\000s\000e\000c\000c\000i\000\363\000n\000\040\0001}{chapter.2}% 12
\BOOKMARK [1][-]{section.2.2}{\376\377\000T\000\355\000t\000u\000l\000o\000\040\000d\000e\000\040\000s\000e\000c\000c\000i\000\363\000n\000\040\0002}{chapter.2}% 13
\BOOKMARK [1][-]{section.2.3}{\376\377\000T\000\355\000t\000u\000l\000o\000\040\000d\000e\000\040\000s\000e\000c\000c\000i\000\363\000n\000\040\0003}{chapter.2}% 14
\BOOKMARK [1][-]{section.2.4}{\376\377\000T\000\355\000t\000u\000l\000o\000\040\000d\000e\000\040\000s\000e\000c\000c\000i\000\363\000n\000\040\0004}{chapter.2}% 15
\BOOKMARK [0][-]{chapter.3}{\376\377\040\024\040\023\000\040\000T\000\355\000t\000u\000l\000o\000\040\000d\000e\000l\000\040\000c\000a\000p\000\355\000t\000u\000l\000o\000\040\0003}{}% 16
\BOOKMARK [1][-]{section.3.1}{\376\377\000T\000\355\000t\000u\000l\000o\000\040\000d\000e\000\040\000s\000e\000c\000c\000i\000\363\000n\000\040\0001}{chapter.3}% 17
\BOOKMARK [2][-]{subsection.3.1.1}{\376\377\000T\000\355\000t\000u\000l\000o\000\040\000d\000e\000\040\000s\000u\000b\000s\000e\000c\000c\000i\000\363\000n\000\040\0003}{section.3.1}% 18
\BOOKMARK [2][-]{subsection.3.1.2}{\376\377\000C\000a\000m\000b\000i\000a\000r\000\040\000l\000a\000\040\000p\000\341\000g\000i\000n\000a\000\040\000a\000\040\000h\000o\000r\000i\000z\000o\000n\000t\000a\000l}{section.3.1}% 19
\BOOKMARK [0][-]{chapter.4}{\376\377\040\024\040\023\000\040\000T\000\355\000t\000u\000l\000o\000\040\000d\000e\000l\000\040\000c\000a\000p\000\355\000t\000u\000l\000o\000\040\0004}{}% 20
\BOOKMARK [1][-]{section.4.1}{\376\377\000M\000a\000n\000u\000f\000a\000c\000t\000u\000r\000a}{chapter.4}% 21
\BOOKMARK [1][-]{section.4.2}{\376\377\000P\000r\000e\000c\000i\000o\000\040\000u\000n\000i\000t\000a\000r\000i\000o}{chapter.4}% 22
\BOOKMARK [0][-]{chapter*.16}{\376\377\000C\000o\000n\000c\000l\000u\000s\000i\000o\000n\000e\000s}{}% 23
\BOOKMARK [0][-]{chapter*.17}{\376\377\000R\000e\000f\000e\000r\000e\000n\000c\000i\000a\000s}{}% 24
